<?xml version="1.0" encoding="UTF-8"?>
<!-- Generated by org.testng.reporters.JUnitXMLReporter -->
<testsuite ignored="0" hostname="DESKTOP-VSV7O8E" failures="1" tests="6" name="Test" time="48.03" errors="0" timestamp="2021-12-02T22:26:03 IST">
  <testcase classname="com.ether.pageTest.RegistrationFormTest" name="validateNavigationToEtherscanPage" time="1.356"/>
  <testcase classname="com.ether.pageTest.RegistrationFormTest" name="ValidateSuccessfulRegistrationOfEtherscanForm" time="32.034">
    <failure type="org.openqa.selenium.NoSuchElementException" message="no such element: Unable to locate element: {&amp;quot;method&amp;quot;:&amp;quot;xpath&amp;quot;,&amp;quot;selector&amp;quot;:&amp;quot;//div[contains(text(),&amp;apos;Your account registration has been submitted and is pending email verification &amp;apos;)]&amp;quot;}
  (Session info: chrome=96.0.4664.45)
For documentation on this error, please visit: http://seleniumhq.org/exceptions/no_such_element.html
Build info: version: &amp;apos;3.12.0&amp;apos;, revision: &amp;apos;7c6e0b3&amp;apos;, time: &amp;apos;2018-05-08T14:04:26.12Z&amp;apos;
System info: host: &amp;apos;DESKTOP-VSV7O8E&amp;apos;, ip: &amp;apos;10.22.8.207&amp;apos;, os.name: &amp;apos;Windows 10&amp;apos;, os.arch: &amp;apos;amd64&amp;apos;, os.version: &amp;apos;10.0&amp;apos;, java.version: &amp;apos;11.0.12&amp;apos;
Driver info: org.openqa.selenium.chrome.ChromeDriver
Capabilities {acceptInsecureCerts: false, browserName: chrome, browserVersion: 96.0.4664.45, chrome: {chromedriverVersion: 96.0.4664.45 (76e4c1bb2ab46..., userDataDir: C:\Users\MEENAK~1\AppData\L...}, goog:chromeOptions: {debuggerAddress: localhost:61629}, javascriptEnabled: true, networkConnectionEnabled: false, pageLoadStrategy: normal, platform: WINDOWS, platformName: WINDOWS, proxy: Proxy(), setWindowRect: true, strictFileInteractability: false, timeouts: {implicit: 0, pageLoad: 300000, script: 30000}, unhandledPromptBehavior: dismiss and notify, webauthn:extension:credBlob: true, webauthn:extension:largeBlob: true, webauthn:virtualAuthenticators: true}
Session ID: b2ad2c0f5bec75e996910d5cfa29b2f1
*** Element info: {Using=xpath, value=//div[contains(text(),&amp;apos;Your account registration has been submitted and is pending email verification &amp;apos;)]}">
      <![CDATA[org.openqa.selenium.NoSuchElementException: no such element: Unable to locate element: {"method":"xpath","selector":"//div[contains(text(),'Your account registration has been submitted and is pending email verification ')]"}
  (Session info: chrome=96.0.4664.45)
For documentation on this error, please visit: http://seleniumhq.org/exceptions/no_such_element.html
Build info: version: '3.12.0', revision: '7c6e0b3', time: '2018-05-08T14:04:26.12Z'
System info: host: 'DESKTOP-VSV7O8E', ip: '10.22.8.207', os.name: 'Windows 10', os.arch: 'amd64', os.version: '10.0', java.version: '11.0.12'
Driver info: org.openqa.selenium.chrome.ChromeDriver
Capabilities {acceptInsecureCerts: false, browserName: chrome, browserVersion: 96.0.4664.45, chrome: {chromedriverVersion: 96.0.4664.45 (76e4c1bb2ab46..., userDataDir: C:\Users\MEENAK~1\AppData\L...}, goog:chromeOptions: {debuggerAddress: localhost:61629}, javascriptEnabled: true, networkConnectionEnabled: false, pageLoadStrategy: normal, platform: WINDOWS, platformName: WINDOWS, proxy: Proxy(), setWindowRect: true, strictFileInteractability: false, timeouts: {implicit: 0, pageLoad: 300000, script: 30000}, unhandledPromptBehavior: dismiss and notify, webauthn:extension:credBlob: true, webauthn:extension:largeBlob: true, webauthn:virtualAuthenticators: true}
Session ID: b2ad2c0f5bec75e996910d5cfa29b2f1
*** Element info: {Using=xpath, value=//div[contains(text(),'Your account registration has been submitted and is pending email verification ')]}
at org.openqa.selenium.remote.http.W3CHttpResponseCodec.createException(W3CHttpResponseCodec.java:187)
at org.openqa.selenium.remote.http.W3CHttpResponseCodec.decode(W3CHttpResponseCodec.java:122)
at org.openqa.selenium.remote.http.W3CHttpResponseCodec.decode(W3CHttpResponseCodec.java:49)
at org.openqa.selenium.remote.HttpCommandExecutor.execute(HttpCommandExecutor.java:158)
at org.openqa.selenium.remote.service.DriverCommandExecutor.execute(DriverCommandExecutor.java:83)
at org.openqa.selenium.remote.RemoteWebDriver.execute(RemoteWebDriver.java:543)
at org.openqa.selenium.remote.RemoteWebDriver.findElement(RemoteWebDriver.java:317)
at org.openqa.selenium.remote.RemoteWebDriver.findElementByXPath(RemoteWebDriver.java:419)
at org.openqa.selenium.By$ByXPath.findElement(By.java:353)
at org.openqa.selenium.remote.RemoteWebDriver.findElement(RemoteWebDriver.java:309)
at com.ether.genericLibrary.WebDriverBusinessLib.fillRegistrationForm(WebDriverBusinessLib.java:93)
at com.ether.pageTest.RegistrationFormTest.ValidateSuccessfulRegistrationOfEtherscanForm(RegistrationFormTest.java:78)
at java.base/java.util.ArrayList.forEach(ArrayList.java:1541)
... Removed 31 stack frames]]>
    </failure>
  </testcase> <!-- ValidateSuccessfulRegistrationOfEtherscanForm -->
  <testcase classname="com.ether.pageTest.RegistrationFormTest" name="validateErrorMessageOnRegistrationForm" time="1.583"/>
  <testcase classname="com.ether.pageTest.RegistrationFormTest" name="validateLinksOnRegistrationForm" time="5.258"/>
  <testcase classname="com.ether.pageTest.RegistrationFormTest" name="validateRegistrationFormValidationForIncompleteForm" time="1.668"/>
  <testcase classname="com.ether.pageTest.RegistrationFormTest" name="validateRegistrationFormValidationWithoutCaptchaFill" time="2.55"/>
</testsuite> <!-- Test -->
