<?xml version="1.0" encoding="UTF-8"?>
<!-- Generated by org.testng.reporters.JUnitReportReporter -->
<testsuite hostname="Apples-MacBook-Pro.local" failures="0" tests="3" name="runners.TestRunner" time="120.971" errors="1" timestamp="2024-05-30T00:43:18 IST" skipped="0">
  <testcase classname="runners.TestRunner" name="runScenario" time="40.956"/>
  <testcase classname="runners.TestRunner" name="runScenario" time="8.492"/>
  <testcase classname="runners.TestRunner" name="runScenario" time="71.523">
    <error message="no such element: Unable to locate element: {&quot;method&quot;:&quot;xpath&quot;,&quot;selector&quot;:&quot;//div[@cel_widget_id=&#039;MAIN-SEARCH_RESULTS-3&#039;]//div[2]/div/div/div[@class=&#039;a-section a-spacing-none a-spacing-top-mini&#039;]/div/div/div/span/div/span/span/button[text()=&#039;Add to cart&#039;]&quot;}
  (Session info: chrome=125.0.6422.113)
For documentation on this error, please visit: https://selenium.dev/exceptions/#no_such_element
Build info: version: &#039;4.1.1&#039;, revision: &#039;e8fcc2cecf&#039;
System info: host: &#039;Apples-MacBook-Pro.local&#039;, ip: &#039;fe80:0:0:0:8d2:456a:3eaf:3ac4%en0&#039;, os.name: &#039;Mac OS X&#039;, os.arch: &#039;x86_64&#039;, os.version: &#039;14.3.1&#039;, java.version: &#039;17.0.2&#039;
Driver info: org.openqa.selenium.chrome.ChromeDriver
Command: [3ae6ea92fe4be5d0c1acc7f68b91c7d0, findElement {using=xpath, value=//div[@cel_widget_id=&#039;MAIN-SEARCH_RESULTS-3&#039;]//div[2]/div/div/div[@class=&#039;a-section a-spacing-none a-spacing-top-mini&#039;]/div/div/div/span/div/span/span/button[text()=&#039;Add to cart&#039;]}]
Capabilities {acceptInsecureCerts: false, browserName: chrome, browserVersion: 125.0.6422.113, chrome: {chromedriverVersion: 125.0.6422.78 (14db42ec38ad..., userDataDir: /var/folders/fn/jndjxhy97fn...}, fedcm:accounts: true, goog:chromeOptions: {debuggerAddress: localhost:55867}, javascriptEnabled: true, networkConnectionEnabled: false, pageLoadStrategy: normal, platform: MAC, platformName: MAC, proxy: Proxy(), se:cdp: ws://localhost:55867/devtoo..., se:cdpVersion: 125.0.6422.113, setWindowRect: true, strictFileInteractability: false, timeouts: {implicit: 0, pageLoad: 300000, script: 30000}, unhandledPromptBehavior: dismiss and notify, webauthn:extension:credBlob: true, webauthn:extension:largeBlob: true, webauthn:extension:minPinLength: true, webauthn:extension:prf: true, webauthn:virtualAuthenticators: true}
Session ID: 3ae6ea92fe4be5d0c1acc7f68b91c7d0" type="org.openqa.selenium.NoSuchElementException">
      <![CDATA[org.openqa.selenium.NoSuchElementException: no such element: Unable to locate element: {"method":"xpath","selector":"//div[@cel_widget_id='MAIN-SEARCH_RESULTS-3']//div[2]/div/div/div[@class='a-section a-spacing-none a-spacing-top-mini']/div/div/div/span/div/span/span/button[text()='Add to cart']"}
  (Session info: chrome=125.0.6422.113)
For documentation on this error, please visit: https://selenium.dev/exceptions/#no_such_element
Build info: version: '4.1.1', revision: 'e8fcc2cecf'
System info: host: 'Apples-MacBook-Pro.local', ip: 'fe80:0:0:0:8d2:456a:3eaf:3ac4%en0', os.name: 'Mac OS X', os.arch: 'x86_64', os.version: '14.3.1', java.version: '17.0.2'
Driver info: org.openqa.selenium.chrome.ChromeDriver
Command: [3ae6ea92fe4be5d0c1acc7f68b91c7d0, findElement {using=xpath, value=//div[@cel_widget_id='MAIN-SEARCH_RESULTS-3']//div[2]/div/div/div[@class='a-section a-spacing-none a-spacing-top-mini']/div/div/div/span/div/span/span/button[text()='Add to cart']}]
Capabilities {acceptInsecureCerts: false, browserName: chrome, browserVersion: 125.0.6422.113, chrome: {chromedriverVersion: 125.0.6422.78 (14db42ec38ad..., userDataDir: /var/folders/fn/jndjxhy97fn...}, fedcm:accounts: true, goog:chromeOptions: {debuggerAddress: localhost:55867}, javascriptEnabled: true, networkConnectionEnabled: false, pageLoadStrategy: normal, platform: MAC, platformName: MAC, proxy: Proxy(), se:cdp: ws://localhost:55867/devtoo..., se:cdpVersion: 125.0.6422.113, setWindowRect: true, strictFileInteractability: false, timeouts: {implicit: 0, pageLoad: 300000, script: 30000}, unhandledPromptBehavior: dismiss and notify, webauthn:extension:credBlob: true, webauthn:extension:largeBlob: true, webauthn:extension:minPinLength: true, webauthn:extension:prf: true, webauthn:virtualAuthenticators: true}
Session ID: 3ae6ea92fe4be5d0c1acc7f68b91c7d0
at java.base/jdk.internal.reflect.NativeConstructorAccessorImpl.newInstance0(Native Method)
at java.base/jdk.internal.reflect.NativeConstructorAccessorImpl.newInstance(NativeConstructorAccessorImpl.java:77)
at java.base/jdk.internal.reflect.DelegatingConstructorAccessorImpl.newInstance(DelegatingConstructorAccessorImpl.java:45)
at java.base/java.lang.reflect.Constructor.newInstanceWithCaller(Constructor.java:499)
at java.base/java.lang.reflect.Constructor.newInstance(Constructor.java:480)
at org.openqa.selenium.remote.codec.w3c.W3CHttpResponseCodec.createException(W3CHttpResponseCodec.java:200)
at org.openqa.selenium.remote.codec.w3c.W3CHttpResponseCodec.decode(W3CHttpResponseCodec.java:133)
at org.openqa.selenium.remote.codec.w3c.W3CHttpResponseCodec.decode(W3CHttpResponseCodec.java:53)
at org.openqa.selenium.remote.HttpCommandExecutor.execute(HttpCommandExecutor.java:184)
at org.openqa.selenium.remote.service.DriverCommandExecutor.invokeExecute(DriverCommandExecutor.java:167)
at org.openqa.selenium.remote.service.DriverCommandExecutor.execute(DriverCommandExecutor.java:142)
at org.openqa.selenium.remote.RemoteWebDriver.execute(RemoteWebDriver.java:543)
at org.openqa.selenium.remote.ElementLocation$ElementFinder$2.findElement(ElementLocation.java:162)
at org.openqa.selenium.remote.ElementLocation.findElement(ElementLocation.java:60)
at org.openqa.selenium.remote.RemoteWebDriver.findElement(RemoteWebDriver.java:367)
at org.openqa.selenium.remote.RemoteWebDriver.findElement(RemoteWebDriver.java:359)
at org.openqa.selenium.support.pagefactory.DefaultElementLocator.findElement(DefaultElementLocator.java:70)
at org.openqa.selenium.support.pagefactory.internal.LocatingElementHandler.invoke(LocatingElementHandler.java:39)
at jdk.proxy2/jdk.proxy2.$Proxy27.click(Unknown Source)
at pages.SearchResultsPage.selectFirstItem1(SearchResultsPage.java:65)
at steps.AddMonitorToCartSteps.i_select_the_first_item_in_the_list(AddMonitorToCartSteps.java:162)
at âœ½.I select the first item in the list third(file:///Users/meenakhan/eclipse-workspace/Trail/src/test/resources/features/add_monitor_to_cart.feature:27)
]]>
    </error>
  </testcase> <!-- runScenario -->
</testsuite> <!-- runners.TestRunner -->
